SQLitePrueba3/app/build/intermediates/manifest_merge_blame_file/debug/processDebugMainManifest/manifest-merger-blame-debug-report.txt
1<?xml version="1.0" encoding="utf-8"?>
2<manifest xmlns:android="http://schemas.android.com/apk/res/android"
3    package="com.example.sqliteprueba3"
4    android:versionCode="1"
5    android:versionName="1.0" >
6
7    <uses-sdk
8        android:minSdkVersion="24"
9        android:targetSdkVersion="35" />
10
11    <application
11-->src\main\AndroidManifest.xml:4:5-19:19
12        android:allowBackup="true"
12-->src\main\AndroidManifest.xml:5:9-35
13        android:debuggable="true"
14        android:extractNativeLibs="false"
15        android:icon="@mipmap/ic_launcher"
15-->src\main\AndroidManifest.xml:6:9-43
16        android:label="@string/app_name"
16-->src\main\AndroidManifest.xml:7:9-41
17        android:supportsRtl="true"
17-->src\main\AndroidManifest.xml:8:9-35
18        android:testOnly="true"
19        android:theme="@android:style/Theme.DeviceDefault" >
19-->src\main\AndroidManifest.xml:9:9-59
20        <activity
20-->src\main\AndroidManifest.xml:11:10-18:20
21            android:name="com.example.sqliteprueba3.MainActivity"
21-->src\main\AndroidManifest.xml:12:14-42
22            android:exported="true" >
22-->src\main\AndroidManifest.xml:13:14-37
23            <intent-filter>
23-->src\main\AndroidManifest.xml:14:13-17:30
24                <action android:name="android.intent.action.MAIN" />
24-->src\main\AndroidManifest.xml:15:17-69
24-->src\main\AndroidManifest.xml:15:25-66
25
26                <category android:name="android.intent.category.LAUNCHER" />
26-->src\main\AndroidManifest.xml:16:17-77
26-->src\main\AndroidManifest.xml:16:27-74
27            </intent-filter>
28        </activity>
29    </application>
30
31</manifest>